Arguments: 
  D:\Node .js\node.exe C:\Users\Nanou\AppData\Roaming\npm\node_modules\yarn\bin\yarn.js add react-native-select-dropdown

PATH: 
  D:\Oracle\dbhomeXE\bin;C:\Program Files\Common Files\Oracle\Java\javapath;C:\Program Files\Microsoft\jdk-11.0.12.7-hotspot\bin;C:\Program Files (x86)\NVIDIA Corporation\PhysX\Common;C:\Windows\system32;C:\Windows;C:\Windows\System32\Wbem;C:\Windows\System32\WindowsPowerShell\v1.0\;C:\Windows\System32\OpenSSH\;C:\Program Files\dotnet\;C:\Program Files (x86)\Common Files\Acronis\SnapAPI\;C:\Program Files (x86)\Common Files\Acronis\VirtualFile\;C:\Program Files (x86)\Common Files\Acronis\VirtualFile64\;C:\Program Files (x86)\Common Files\Acronis\FileProtector\;C:\Program Files (x86)\Common Files\Acronis\FileProtector64\;C:\Program Files\Microsoft SQL Server\130\Tools\Binn\;C:\Program Files\Microsoft SQL Server\150\Tools\Binn\;C:\Program Files\Microsoft SQL Server\Client SDK\ODBC\170\Tools\Binn\;C:\Program Files\Git\cmd;C:\Program Files (x86)\Microsoft SQL Server\150\Tools\Binn\;C:\Program Files (x86)\Microsoft SQL Server\150\DTS\Binn\;C:\Program Files\Microsoft SQL Server\150\DTS\Binn\;C:\Program Files\Azure Data Studio\bin;D:\Node .js\;%SystemRoot%\system32;%SystemRoot%;%SystemRoot%\System32\Wbem;%SYSTEMROOT%\System32\WindowsPowerShell\v1.0\;%SYSTEMROOT%\System32\OpenSSH\;C:\Users\Nanou\AppData\Local\Microsoft\WindowsApps;C:\Users\Nanou\AppData\Local\Programs\Microsoft VS Code\bin;C:\Users\Nanou\.dotnet\tools;C:\Program Files\Azure Data Studio\bin;C:\Users\Nanou\AppData\Roaming\npm;

Yarn version: 
  1.22.19

Node version: 
  18.14.2

Platform: 
  win32 x64

Trace: 
  Error: getaddrinfo ENOTFOUND registry.yarnpkg.com
      at GetAddrInfoReqWrap.onlookup [as oncomplete] (node:dns:107:26)

npm manifest: 
  {
    "name": "prescriptorapp",
    "version": "1.0.0",
    "main": "node_modules/expo/AppEntry.js",
    "scripts": {
      "start": "expo start",
      "android": "expo start --android",
      "ios": "expo start --ios",
      "web": "expo start --web"
    },
    "dependencies": {
      "@react-navigation/native": "^6.1.5",
      "@react-navigation/stack": "^6.3.15",
      "expo": "~47.0.12",
      "expo-status-bar": "~1.4.2",
      "react": "18.1.0",
      "react-native": "0.70.5",
      "react-native-screens": "~3.18.0",
      "react-native-safe-area-context": "4.4.1",
      "react-native-gesture-handler": "~2.8.0",
      "react-native-reanimated": "~2.12.0",
      "undefined": "react-native-community/masked-view"
    },
    "devDependencies": {
      "@babel/core": "^7.12.9"
    },
    "private": true
  }

yarn manifest: 
  No manifest

Lockfile: 
  No lockfile
